<?xml version="1.0" encoding="UTF-8"?>
<!-- Generated by org.testng.reporters.JUnitXMLReporter -->
<testsuite ignored="14" hostname="USLAIF16" failures="2" tests="19" name="MyTest" time="196.411" errors="0" timestamp="2023-04-05T00:42:14 PDT">
  <testcase classname="Summary" name="SummaryPage" time="9.094"/>
  <testcase classname="Account" name="accountlist" time="0.001"/>
  <testcase classname="Balance" name="accountlist" time="0.0"/>
  <testcase classname="Holdings" name="holdings" time="22.123">
    <failure type="org.openqa.selenium.NoSuchElementException" message="no such element: Unable to locate element: {&amp;quot;method&amp;quot;:&amp;quot;xpath&amp;quot;,&amp;quot;selector&amp;quot;:&amp;quot;//*[@id=&amp;quot;rootGridContainer&amp;quot;]/div[3]/div/div/div[3]/button&amp;quot;}
  (Session info: chrome=111.0.5563.147)
For documentation on this error, please visit: https://selenium.dev/exceptions/#no_such_element
Build info: version: &amp;apos;4.8.1&amp;apos;, revision: &amp;apos;8ebccac989&amp;apos;
System info: os.name: &amp;apos;Windows 10&amp;apos;, os.arch: &amp;apos;amd64&amp;apos;, os.version: &amp;apos;10.0&amp;apos;, java.version: &amp;apos;19.0.2&amp;apos;
Driver info: org.openqa.selenium.chrome.ChromeDriver
Command: [6d33ca877f241457d325284b9547cdd1, findElement {using=xpath, value=//*[@id=&amp;quot;rootGridContainer&amp;quot;]/div[3]/div/div/div[3]/button}]
Capabilities {acceptInsecureCerts: false, browserName: chrome, browserVersion: 111.0.5563.147, chrome: {chromedriverVersion: 111.0.5563.64 (c710e93d5b63..., userDataDir: C:\Users\SasiKumJ\AppData\L...}, goog:chromeOptions: {debuggerAddress: localhost:51592}, networkConnectionEnabled: false, pageLoadStrategy: normal, platformName: WINDOWS, proxy: Proxy(), se:cdp: ws://localhost:51592/devtoo..., se:cdpVersion: 111.0.5563.147, setWindowRect: true, strictFileInteractability: false, timeouts: {implicit: 0, pageLoad: 300000, script: 30000}, unhandledPromptBehavior: dismiss and notify, webauthn:extension:credBlob: true, webauthn:extension:largeBlob: true, webauthn:extension:minPinLength: true, webauthn:extension:prf: true, webauthn:virtualAuthenticators: true}
Session ID: 6d33ca877f241457d325284b9547cdd1">
      <![CDATA[org.openqa.selenium.NoSuchElementException: no such element: Unable to locate element: {"method":"xpath","selector":"//*[@id="rootGridContainer"]/div[3]/div/div/div[3]/button"}
  (Session info: chrome=111.0.5563.147)
For documentation on this error, please visit: https://selenium.dev/exceptions/#no_such_element
Build info: version: '4.8.1', revision: '8ebccac989'
System info: os.name: 'Windows 10', os.arch: 'amd64', os.version: '10.0', java.version: '19.0.2'
Driver info: org.openqa.selenium.chrome.ChromeDriver
Command: [6d33ca877f241457d325284b9547cdd1, findElement {using=xpath, value=//*[@id="rootGridContainer"]/div[3]/div/div/div[3]/button}]
Capabilities {acceptInsecureCerts: false, browserName: chrome, browserVersion: 111.0.5563.147, chrome: {chromedriverVersion: 111.0.5563.64 (c710e93d5b63..., userDataDir: C:\Users\SasiKumJ\AppData\L...}, goog:chromeOptions: {debuggerAddress: localhost:51592}, networkConnectionEnabled: false, pageLoadStrategy: normal, platformName: WINDOWS, proxy: Proxy(), se:cdp: ws://localhost:51592/devtoo..., se:cdpVersion: 111.0.5563.147, setWindowRect: true, strictFileInteractability: false, timeouts: {implicit: 0, pageLoad: 300000, script: 30000}, unhandledPromptBehavior: dismiss and notify, webauthn:extension:credBlob: true, webauthn:extension:largeBlob: true, webauthn:extension:minPinLength: true, webauthn:extension:prf: true, webauthn:virtualAuthenticators: true}
Session ID: 6d33ca877f241457d325284b9547cdd1
at org.openqa.selenium.remote.codec.w3c.W3CHttpResponseCodec.createException(W3CHttpResponseCodec.java:200)
at org.openqa.selenium.remote.codec.w3c.W3CHttpResponseCodec.decode(W3CHttpResponseCodec.java:133)
at org.openqa.selenium.remote.codec.w3c.W3CHttpResponseCodec.decode(W3CHttpResponseCodec.java:53)
at org.openqa.selenium.remote.HttpCommandExecutor.execute(HttpCommandExecutor.java:184)
at org.openqa.selenium.remote.service.DriverCommandExecutor.invokeExecute(DriverCommandExecutor.java:167)
at org.openqa.selenium.remote.service.DriverCommandExecutor.execute(DriverCommandExecutor.java:142)
at org.openqa.selenium.remote.RemoteWebDriver.execute(RemoteWebDriver.java:543)
at org.openqa.selenium.remote.ElementLocation$ElementFinder$2.findElement(ElementLocation.java:162)
at org.openqa.selenium.remote.ElementLocation.findElement(ElementLocation.java:60)
at org.openqa.selenium.remote.RemoteWebDriver.findElement(RemoteWebDriver.java:352)
at org.openqa.selenium.remote.RemoteWebDriver.findElement(RemoteWebDriver.java:344)
at Holdings.holdings(Holdings.java:42)
at java.base/java.util.ArrayList.forEach(ArrayList.java:1511)
at com.intellij.rt.testng.IDEARemoteTestNG.run(IDEARemoteTestNG.java:66)
at com.intellij.rt.testng.RemoteTestNGStarter.main(RemoteTestNGStarter.java:109)
... Removed 25 stack frames]]>
    </failure>
  </testcase> <!-- holdings -->
  <testcase classname="Activity" name="activity1" time="5.351">
    <failure type="org.openqa.selenium.ElementClickInterceptedException" message="element click intercepted: Element &amp;lt;div disabled=&amp;quot;&amp;quot; class=&amp;quot;sc-hixjlP byeFzj&amp;quot;&amp;gt;...&amp;lt;/div&amp;gt; is not clickable at point (609, 502). Other element would receive the click: &amp;lt;div class=&amp;quot;sc-eZceyY cTpnwa&amp;quot;&amp;gt;...&amp;lt;/div&amp;gt;
  (Session info: chrome=111.0.5563.147)
Build info: version: &amp;apos;4.8.1&amp;apos;, revision: &amp;apos;8ebccac989&amp;apos;
System info: os.name: &amp;apos;Windows 10&amp;apos;, os.arch: &amp;apos;amd64&amp;apos;, os.version: &amp;apos;10.0&amp;apos;, java.version: &amp;apos;19.0.2&amp;apos;
Driver info: org.openqa.selenium.chrome.ChromeDriver
Command: [f47fff843cec61afefd4d62cee1a7b23, clickElement {id=6ddb866e-f75a-41c3-849d-7c8521d01f6c}]
Capabilities {acceptInsecureCerts: false, browserName: chrome, browserVersion: 111.0.5563.147, chrome: {chromedriverVersion: 111.0.5563.64 (c710e93d5b63..., userDataDir: C:\Users\SasiKumJ\AppData\L...}, goog:chromeOptions: {debuggerAddress: localhost:51507}, networkConnectionEnabled: false, pageLoadStrategy: normal, platformName: WINDOWS, proxy: Proxy(), se:cdp: ws://localhost:51507/devtoo..., se:cdpVersion: 111.0.5563.147, setWindowRect: true, strictFileInteractability: false, timeouts: {implicit: 0, pageLoad: 300000, script: 30000}, unhandledPromptBehavior: dismiss and notify, webauthn:extension:credBlob: true, webauthn:extension:largeBlob: true, webauthn:extension:minPinLength: true, webauthn:extension:prf: true, webauthn:virtualAuthenticators: true}
Element: [[ChromeDriver: chrome on WINDOWS (f47fff843cec61afefd4d62cee1a7b23)] -&amp;gt; xpath: //*[@id=&amp;apos;rootGridContainer&amp;apos;]/div[3]/div/div/div[3]/div[2]/div[1]/div[2]/div/div[2]/div[3]/div[3]/div[1]/div]
Session ID: f47fff843cec61afefd4d62cee1a7b23">
      <![CDATA[org.openqa.selenium.ElementClickInterceptedException: element click intercepted: Element <div disabled="" class="sc-hixjlP byeFzj">...</div> is not clickable at point (609, 502). Other element would receive the click: <div class="sc-eZceyY cTpnwa">...</div>
  (Session info: chrome=111.0.5563.147)
Build info: version: '4.8.1', revision: '8ebccac989'
System info: os.name: 'Windows 10', os.arch: 'amd64', os.version: '10.0', java.version: '19.0.2'
Driver info: org.openqa.selenium.chrome.ChromeDriver
Command: [f47fff843cec61afefd4d62cee1a7b23, clickElement {id=6ddb866e-f75a-41c3-849d-7c8521d01f6c}]
Capabilities {acceptInsecureCerts: false, browserName: chrome, browserVersion: 111.0.5563.147, chrome: {chromedriverVersion: 111.0.5563.64 (c710e93d5b63..., userDataDir: C:\Users\SasiKumJ\AppData\L...}, goog:chromeOptions: {debuggerAddress: localhost:51507}, networkConnectionEnabled: false, pageLoadStrategy: normal, platformName: WINDOWS, proxy: Proxy(), se:cdp: ws://localhost:51507/devtoo..., se:cdpVersion: 111.0.5563.147, setWindowRect: true, strictFileInteractability: false, timeouts: {implicit: 0, pageLoad: 300000, script: 30000}, unhandledPromptBehavior: dismiss and notify, webauthn:extension:credBlob: true, webauthn:extension:largeBlob: true, webauthn:extension:minPinLength: true, webauthn:extension:prf: true, webauthn:virtualAuthenticators: true}
Element: [[ChromeDriver: chrome on WINDOWS (f47fff843cec61afefd4d62cee1a7b23)] -> xpath: //*[@id='rootGridContainer']/div[3]/div/div/div[3]/div[2]/div[1]/div[2]/div/div[2]/div[3]/div[3]/div[1]/div]
Session ID: f47fff843cec61afefd4d62cee1a7b23
at org.openqa.selenium.remote.codec.w3c.W3CHttpResponseCodec.createException(W3CHttpResponseCodec.java:200)
at org.openqa.selenium.remote.codec.w3c.W3CHttpResponseCodec.decode(W3CHttpResponseCodec.java:133)
at org.openqa.selenium.remote.codec.w3c.W3CHttpResponseCodec.decode(W3CHttpResponseCodec.java:53)
at org.openqa.selenium.remote.HttpCommandExecutor.execute(HttpCommandExecutor.java:184)
at org.openqa.selenium.remote.service.DriverCommandExecutor.invokeExecute(DriverCommandExecutor.java:167)
at org.openqa.selenium.remote.service.DriverCommandExecutor.execute(DriverCommandExecutor.java:142)
at org.openqa.selenium.remote.RemoteWebDriver.execute(RemoteWebDriver.java:543)
at org.openqa.selenium.remote.RemoteWebElement.execute(RemoteWebElement.java:257)
at org.openqa.selenium.remote.RemoteWebElement.click(RemoteWebElement.java:78)
at Activity.activity1(Activity.java:49)
at java.base/java.util.ArrayList.forEach(ArrayList.java:1511)
at com.intellij.rt.testng.IDEARemoteTestNG.run(IDEARemoteTestNG.java:66)
at com.intellij.rt.testng.RemoteTestNGStarter.main(RemoteTestNGStarter.java:109)
... Removed 25 stack frames]]>
    </failure>
  </testcase> <!-- activity1 -->
  <testcase classname="Messages" name="contact" time="1.377"/>
  <testcase classname="Contact" name="contact" time="1.367"/>
  <testcase classname="CreditDocuments" name="creditDoc" time="0.001"/>
  <testcase classname="CreditPlus" name="credit" time="0.001"/>
  <testcase classname="MonthlyStatements" name="credit" time="0.001"/>
  <testcase classname="OpenOrderConfirmation" name="credit" time="0.001"/>
  <testcase classname="PerformanceReports" name="Performance" time="0.002"/>
  <testcase classname="Share" name="shareholder" time="0.001"/>
  <testcase classname="Trade" name="credit" time="0.001"/>
  <testcase classname="Trade2" name="TradeMain" time="0.002"/>
  <testcase classname="Documents" name="credit" time="0.001"/>
  <testcase classname="Income" name="income" time="0.001"/>
  <testcase classname="Tax" name="credit" time="0.002"/>
  <testcase classname="Trade2History" name="TradeMain" time="0.001"/>
  <testcase classname="Setup" name="@BeforeTest sign" time="0.0">
    <ignored/>
  </testcase> <!-- @BeforeTest sign -->
  <testcase classname="Setup" name="@BeforeTest sign" time="0.0">
    <ignored/>
  </testcase> <!-- @BeforeTest sign -->
  <testcase classname="Setup" name="@BeforeTest sign" time="0.0">
    <ignored/>
  </testcase> <!-- @BeforeTest sign -->
  <testcase classname="Setup" name="@BeforeTest sign" time="0.0">
    <ignored/>
  </testcase> <!-- @BeforeTest sign -->
  <testcase classname="Setup" name="@BeforeTest sign" time="0.0">
    <ignored/>
  </testcase> <!-- @BeforeTest sign -->
  <testcase classname="Setup" name="@BeforeTest sign" time="0.0">
    <ignored/>
  </testcase> <!-- @BeforeTest sign -->
  <testcase classname="Setup" name="@BeforeTest sign" time="0.0">
    <ignored/>
  </testcase> <!-- @BeforeTest sign -->
  <testcase classname="Setup" name="@BeforeTest sign" time="0.0">
    <ignored/>
  </testcase> <!-- @BeforeTest sign -->
  <testcase classname="Setup" name="@BeforeTest sign" time="0.0">
    <ignored/>
  </testcase> <!-- @BeforeTest sign -->
  <testcase classname="Setup" name="@BeforeTest sign" time="0.0">
    <ignored/>
  </testcase> <!-- @BeforeTest sign -->
  <testcase classname="Setup" name="@BeforeTest sign" time="0.0">
    <ignored/>
  </testcase> <!-- @BeforeTest sign -->
  <testcase classname="Setup" name="@BeforeTest sign" time="0.0">
    <ignored/>
  </testcase> <!-- @BeforeTest sign -->
  <testcase classname="Setup" name="@BeforeTest sign" time="0.0">
    <ignored/>
  </testcase> <!-- @BeforeTest sign -->
  <testcase classname="Setup" name="@BeforeTest sign" time="0.0">
    <ignored/>
  </testcase> <!-- @BeforeTest sign -->
</testsuite> <!-- MyTest -->
